<?xml version="1.0" encoding="UTF-8"?>
<!-- Generated by org.testng.reporters.JUnitReportReporter -->
<testsuite hostname="Sunil-Yadav-PC" failures="0" tests="1" name="testCases.TC001AccountRegistrationTest" time="3.595" errors="0" timestamp="2025-07-30T19:19:15 IST" skipped="0">
  <testcase classname="testCases.TC001AccountRegistrationTest" name="Varify_account_registration" time="3.595"/>
</testsuite> <!-- testCases.TC001AccountRegistrationTest -->
