<?xml version="1.0" encoding="UTF-8"?>
<!-- Generated by org.testng.reporters.JUnitReportReporter -->
<testsuite hostname="Sunil-Yadav-PC" failures="0" tests="1" name="testCases.TC001AccountRegistrationTest" time="3.514" errors="0" timestamp="2024-10-24T16:25:12 IST" skipped="0">
  <testcase classname="testCases.TC001AccountRegistrationTest" name="Varify_account_registration" time="3.514"/>
</testsuite> <!-- testCases.TC001AccountRegistrationTest -->
