<?xml version="1.0" encoding="UTF-8"?>
<!-- Generated by org.testng.reporters.JUnitReportReporter -->
<testsuite hostname="Sunil-Yadav-PC" failures="0" tests="1" name="testCases.TC004SearchProductTest" time="0.526" errors="0" timestamp="2024-11-04T17:22:44 IST" skipped="0">
  <testcase classname="testCases.TC004SearchProductTest" name="varify_searchProduct" time="0.526"/>
</testsuite> <!-- testCases.TC004SearchProductTest -->
