<?xml version="1.0" encoding="UTF-8"?>
<!-- Generated by org.testng.reporters.JUnitReportReporter -->
<testsuite hostname="Sunil-Yadav-PC" failures="0" tests="1" name="testCases.TC002LoginTest" time="3.196" errors="0" timestamp="2025-07-30T20:28:03 IST" skipped="0">
  <testcase classname="testCases.TC002LoginTest" name="varify_Login" time="3.196"/>
</testsuite> <!-- testCases.TC002LoginTest -->
