<?xml version="1.0" encoding="UTF-8"?>
<!-- Generated by org.testng.reporters.JUnitReportReporter -->
<testsuite hostname="Sunil-Yadav-PC" failures="0" tests="1" name="testCases.TC002LoginTest" time="1.923" errors="0" timestamp="2024-10-26T11:12:02 IST" skipped="0">
  <testcase classname="testCases.TC002LoginTest" name="varify_Login" time="1.923"/>
</testsuite> <!-- testCases.TC002LoginTest -->
