<?xml version="1.0" encoding="UTF-8"?>
<!-- Generated by org.testng.reporters.JUnitReportReporter -->
<testsuite hostname="Sunil-Yadav-PC" failures="0" tests="1" name="testCases.TC002LoginTest" time="2.065" errors="0" timestamp="2024-10-25T14:08:46 IST" skipped="0">
  <testcase classname="testCases.TC002LoginTest" name="varify_Login" time="2.065"/>
</testsuite> <!-- testCases.TC002LoginTest -->
